mode: atomic
github.com/gnames/gnames/internal/ent/score/auth.go:41.32,42.14 1 0
github.com/gnames/gnames/internal/ent/score/auth.go:42.14,44.3 1 0
github.com/gnames/gnames/internal/ent/score/auth.go:45.2,45.11 1 0
github.com/gnames/gnames/internal/ent/score/auth.go:50.53,53.40 3 21
github.com/gnames/gnames/internal/ent/score/auth.go:53.40,55.3 1 2
github.com/gnames/gnames/internal/ent/score/auth.go:56.2,56.21 1 19
github.com/gnames/gnames/internal/ent/score/auth.go:56.21,58.3 1 1
github.com/gnames/gnames/internal/ent/score/auth.go:59.2,59.39 1 18
github.com/gnames/gnames/internal/ent/score/auth.go:59.39,61.3 1 4
github.com/gnames/gnames/internal/ent/score/auth.go:62.2,62.38 1 14
github.com/gnames/gnames/internal/ent/score/auth.go:67.55,70.29 3 14
github.com/gnames/gnames/internal/ent/score/auth.go:70.29,72.3 1 4
github.com/gnames/gnames/internal/ent/score/auth.go:74.2,78.25 4 14
github.com/gnames/gnames/internal/ent/score/auth.go:78.25,79.28 1 35
github.com/gnames/gnames/internal/ent/score/auth.go:79.28,80.18 1 52
github.com/gnames/gnames/internal/ent/score/auth.go:80.18,81.13 1 17
github.com/gnames/gnames/internal/ent/score/auth.go:83.4,84.13 2 35
github.com/gnames/gnames/internal/ent/score/auth.go:84.13,87.19 3 23
github.com/gnames/gnames/internal/ent/score/auth.go:89.4,89.14 1 12
github.com/gnames/gnames/internal/ent/score/auth.go:89.14,90.15 1 9
github.com/gnames/gnames/internal/ent/score/auth.go:90.15,92.6 1 9
github.com/gnames/gnames/internal/ent/score/auth.go:93.5,94.19 2 9
github.com/gnames/gnames/internal/ent/score/auth.go:97.3,97.39 1 3
github.com/gnames/gnames/internal/ent/score/auth.go:100.2,102.45 2 14
github.com/gnames/gnames/internal/ent/score/auth.go:102.45,104.3 1 4
github.com/gnames/gnames/internal/ent/score/auth.go:106.2,106.53 1 10
github.com/gnames/gnames/internal/ent/score/auth.go:106.53,108.3 1 7
github.com/gnames/gnames/internal/ent/score/auth.go:110.2,110.68 1 3
github.com/gnames/gnames/internal/ent/score/auth.go:110.68,112.3 1 1
github.com/gnames/gnames/internal/ent/score/auth.go:114.2,114.18 1 2
github.com/gnames/gnames/internal/ent/score/auth.go:118.48,120.25 2 40
github.com/gnames/gnames/internal/ent/score/auth.go:120.25,122.3 1 16
github.com/gnames/gnames/internal/ent/score/auth.go:123.2,123.50 1 40
github.com/gnames/gnames/internal/ent/score/auth.go:127.48,129.26 2 42
github.com/gnames/gnames/internal/ent/score/auth.go:129.26,131.17 2 72
github.com/gnames/gnames/internal/ent/score/auth.go:131.17,132.12 1 0
github.com/gnames/gnames/internal/ent/score/auth.go:134.3,134.26 1 72
github.com/gnames/gnames/internal/ent/score/auth.go:136.2,137.12 2 42
github.com/gnames/gnames/internal/ent/score/auth.go:141.40,143.21 2 79
github.com/gnames/gnames/internal/ent/score/auth.go:143.21,145.3 1 75
github.com/gnames/gnames/internal/ent/score/auth.go:147.2,148.26 2 4
github.com/gnames/gnames/internal/ent/score/auth.go:148.26,149.40 1 11
github.com/gnames/gnames/internal/ent/score/auth.go:149.40,150.12 1 7
github.com/gnames/gnames/internal/ent/score/auth.go:152.3,152.47 1 4
github.com/gnames/gnames/internal/ent/score/auth.go:154.2,154.31 1 4
github.com/gnames/gnames/internal/ent/score/auth.go:158.43,159.24 1 21
github.com/gnames/gnames/internal/ent/score/auth.go:159.24,161.3 1 11
github.com/gnames/gnames/internal/ent/score/auth.go:162.2,163.15 2 10
github.com/gnames/gnames/internal/ent/score/auth.go:163.15,165.3 1 4
github.com/gnames/gnames/internal/ent/score/auth.go:166.2,166.29 1 6
github.com/gnames/gnames/internal/ent/score/auth.go:166.29,168.3 1 4
github.com/gnames/gnames/internal/ent/score/auth.go:169.2,169.16 1 2
github.com/gnames/gnames/internal/ent/score/score.go:13.33,15.21 2 1
github.com/gnames/gnames/internal/ent/score/score.go:15.21,17.3 1 0
github.com/gnames/gnames/internal/ent/score/score.go:18.2,18.12 1 1
github.com/gnames/gnames/internal/ent/score/score.go:23.32,27.32 4 55
github.com/gnames/gnames/internal/ent/score/score.go:27.32,29.36 2 1760
github.com/gnames/gnames/internal/ent/score/score.go:29.36,32.4 2 165
github.com/gnames/gnames/internal/ent/score/score.go:34.2,34.20 1 55
github.com/gnames/gnames/internal/ent/score/score.go:38.36,40.2 1 4
github.com/gnames/gnames/internal/ent/score/score.go:44.54,45.37 1 1
github.com/gnames/gnames/internal/ent/score/score.go:45.37,57.3 4 4
github.com/gnames/gnames/internal/ent/score/score.go:60.2,61.44 2 1
github.com/gnames/gnames/internal/ent/score/score.go:61.44,63.3 1 6
github.com/gnames/gnames/internal/ent/score/score.go:64.2,64.18 1 1
github.com/gnames/gnames/internal/ent/score/score.go:69.70,70.28 1 0
github.com/gnames/gnames/internal/ent/score/score.go:70.28,72.3 1 0
github.com/gnames/gnames/internal/ent/score/score.go:74.2,74.16 1 0
github.com/gnames/gnames/internal/ent/score/score.go:74.16,76.3 1 0
github.com/gnames/gnames/internal/ent/score/score.go:77.2,77.27 1 0
github.com/gnames/gnames/internal/ent/score/score.go:84.22,86.16 1 0
github.com/gnames/gnames/internal/ent/score/score.go:86.16,88.3 1 0
github.com/gnames/gnames/internal/ent/score/score.go:90.2,90.24 1 0
github.com/gnames/gnames/internal/ent/score/score.go:94.44,105.2 2 13
github.com/gnames/gnames/internal/ent/score/score_calc.go:108.52,109.48 1 10
github.com/gnames/gnames/internal/ent/score/score_calc.go:109.48,111.3 1 4
github.com/gnames/gnames/internal/ent/score/score_calc.go:112.2,113.10 2 6
github.com/gnames/gnames/internal/ent/score/score_calc.go:116.41,118.2 1 13
github.com/gnames/gnames/internal/ent/score/score_calc.go:123.64,124.33 1 21
github.com/gnames/gnames/internal/ent/score/score_calc.go:124.33,126.3 1 7
github.com/gnames/gnames/internal/ent/score/score_calc.go:128.2,131.34 3 14
github.com/gnames/gnames/internal/ent/score/score_calc.go:131.34,134.3 2 8
github.com/gnames/gnames/internal/ent/score/score_calc.go:136.2,136.22 1 6
github.com/gnames/gnames/internal/ent/score/score_calc.go:136.22,138.3 1 4
github.com/gnames/gnames/internal/ent/score/score_calc.go:140.2,140.10 1 6
github.com/gnames/gnames/internal/ent/score/score_calc.go:143.32,147.20 2 28
github.com/gnames/gnames/internal/ent/score/score_calc.go:147.20,149.3 1 1
github.com/gnames/gnames/internal/ent/score/score_calc.go:151.2,154.23 3 27
github.com/gnames/gnames/internal/ent/score/score_calc.go:154.23,155.39 1 44
github.com/gnames/gnames/internal/ent/score/score_calc.go:155.39,157.4 1 17
github.com/gnames/gnames/internal/ent/score/score_calc.go:159.2,159.12 1 27
github.com/gnames/gnames/internal/ent/score/score_calc.go:162.34,164.2 1 13
github.com/gnames/gnames/internal/ent/score/score_calc.go:167.46,170.27 3 16
github.com/gnames/gnames/internal/ent/score/score_calc.go:170.27,172.3 1 3
github.com/gnames/gnames/internal/ent/score/score_calc.go:172.8,174.3 1 13
github.com/gnames/gnames/internal/ent/score/score_calc.go:176.2,177.10 2 16
github.com/gnames/gnames/internal/ent/score/score_calc.go:180.35,183.2 2 19
github.com/gnames/gnames/internal/ent/score/score_calc.go:187.42,190.23 2 9
github.com/gnames/gnames/internal/ent/score/score_calc.go:190.23,193.3 2 3
github.com/gnames/gnames/internal/ent/score/score_calc.go:195.2,195.23 1 6
github.com/gnames/gnames/internal/ent/score/score_calc.go:196.23,197.11 1 2
github.com/gnames/gnames/internal/ent/score/score_calc.go:198.24,199.11 1 2
github.com/gnames/gnames/internal/ent/score/score_calc.go:200.20,201.11 1 2
github.com/gnames/gnames/internal/ent/score/score_calc.go:203.2,204.10 2 6
github.com/gnames/gnames/internal/ent/score/score_calc.go:207.38,209.2 1 13
github.com/gnames/gnames/internal/ent/score/score_calc.go:215.68,220.26 4 21
github.com/gnames/gnames/internal/ent/score/score_calc.go:220.26,221.16 1 4
github.com/gnames/gnames/internal/ent/score/score_calc.go:222.21,223.13 1 1
github.com/gnames/gnames/internal/ent/score/score_calc.go:224.20,225.13 1 1
github.com/gnames/gnames/internal/ent/score/score_calc.go:226.21,227.13 1 1
github.com/gnames/gnames/internal/ent/score/score_calc.go:228.16,229.13 1 1
github.com/gnames/gnames/internal/ent/score/score_calc.go:231.8,231.37 1 17
github.com/gnames/gnames/internal/ent/score/score_calc.go:231.37,232.16 1 7
github.com/gnames/gnames/internal/ent/score/score_calc.go:233.21,234.13 1 1
github.com/gnames/gnames/internal/ent/score/score_calc.go:235.20,236.13 1 3
github.com/gnames/gnames/internal/ent/score/score_calc.go:237.21,238.13 1 2
github.com/gnames/gnames/internal/ent/score/score_calc.go:239.16,240.13 1 1
github.com/gnames/gnames/internal/ent/score/score_calc.go:242.8,242.31 1 10
github.com/gnames/gnames/internal/ent/score/score_calc.go:242.31,243.16 1 1
github.com/gnames/gnames/internal/ent/score/score_calc.go:244.21,245.13 1 1
github.com/gnames/gnames/internal/ent/score/score_calc.go:246.20,247.13 1 0
github.com/gnames/gnames/internal/ent/score/score_calc.go:248.21,249.13 1 0
github.com/gnames/gnames/internal/ent/score/score_calc.go:250.16,251.13 1 0
github.com/gnames/gnames/internal/ent/score/score_calc.go:253.8,253.36 1 9
github.com/gnames/gnames/internal/ent/score/score_calc.go:253.36,255.3 1 4
github.com/gnames/gnames/internal/ent/score/score_calc.go:255.8,255.36 1 5
github.com/gnames/gnames/internal/ent/score/score_calc.go:255.36,257.3 1 3
github.com/gnames/gnames/internal/ent/score/score_calc.go:261.2,262.10 2 21
github.com/gnames/gnames/internal/ent/score/score_calc.go:265.34,267.2 1 13
github.com/gnames/gnames/internal/ent/score/score_calc.go:270.60,272.48 2 8
github.com/gnames/gnames/internal/ent/score/score_calc.go:272.48,274.3 1 6
github.com/gnames/gnames/internal/ent/score/score_calc.go:275.2,276.10 2 8
github.com/gnames/gnames/internal/ent/score/score_calc.go:279.38,281.2 1 13
github.com/gnames/gnames/internal/ent/score/score_calc.go:284.50,286.17 2 9
github.com/gnames/gnames/internal/ent/score/score_calc.go:287.9,288.11 1 2
github.com/gnames/gnames/internal/ent/score/score_calc.go:289.9,290.11 1 1
github.com/gnames/gnames/internal/ent/score/score_calc.go:291.9,292.11 1 5
github.com/gnames/gnames/internal/ent/score/score_calc.go:294.2,295.10 2 9
github.com/gnames/gnames/internal/ent/score/score_calc.go:298.44,300.2 1 13
github.com/gnames/gnames/internal/ent/score/score_calc.go:302.65,306.2 3 97
github.com/gnames/gnames/internal/io/matcher/matcher.go:22.42,24.2 1 2
github.com/gnames/gnames/internal/io/matcher/matcher.go:26.51,30.16 4 1
github.com/gnames/gnames/internal/io/matcher/matcher.go:30.16,32.3 1 0
github.com/gnames/gnames/internal/io/matcher/matcher.go:33.2,34.16 2 1
github.com/gnames/gnames/internal/io/matcher/matcher.go:34.16,36.3 1 0
github.com/gnames/gnames/internal/io/matcher/matcher.go:37.2,38.16 2 1
github.com/gnames/gnames/internal/io/matcher/matcher.go:38.16,40.3 1 0
github.com/gnames/gnames/internal/io/matcher/matcher.go:41.2,41.17 1 1
github.com/gnames/gnames/internal/io/matcher/matcher.go:47.15,55.16 4 1
github.com/gnames/gnames/internal/io/matcher/matcher.go:55.16,57.3 1 0
github.com/gnames/gnames/internal/io/matcher/matcher.go:58.2,60.16 3 1
github.com/gnames/gnames/internal/io/matcher/matcher.go:60.16,62.3 1 0
github.com/gnames/gnames/internal/io/matcher/matcher.go:63.2,64.16 2 1
github.com/gnames/gnames/internal/io/matcher/matcher.go:64.16,66.3 1 0
github.com/gnames/gnames/internal/io/matcher/matcher.go:67.2,68.16 2 1
github.com/gnames/gnames/internal/io/matcher/matcher.go:68.16,70.3 1 0
github.com/gnames/gnames/internal/io/matcher/matcher.go:71.2,71.17 1 1
github.com/gnames/gnames/internal/io/matcher/matcher.go:75.49,77.2 1 0
github.com/gnames/gnames/pkg/config/config.go:74.36,76.2 1 0
github.com/gnames/gnames/pkg/config/config.go:80.39,82.2 1 0
github.com/gnames/gnames/pkg/config/config.go:86.37,88.2 1 0
github.com/gnames/gnames/pkg/config/config.go:94.30,95.27 1 0
github.com/gnames/gnames/pkg/config/config.go:95.27,97.3 1 0
github.com/gnames/gnames/pkg/config/config.go:101.34,102.27 1 1
github.com/gnames/gnames/pkg/config/config.go:102.27,104.3 1 1
github.com/gnames/gnames/pkg/config/config.go:108.31,109.27 1 1
github.com/gnames/gnames/pkg/config/config.go:109.27,111.3 1 1
github.com/gnames/gnames/pkg/config/config.go:116.35,117.27 1 3
github.com/gnames/gnames/pkg/config/config.go:117.27,118.21 1 3
github.com/gnames/gnames/pkg/config/config.go:118.21,121.4 1 2
github.com/gnames/gnames/pkg/config/config.go:121.9,123.4 1 1
github.com/gnames/gnames/pkg/config/config.go:128.33,129.27 1 1
github.com/gnames/gnames/pkg/config/config.go:129.27,131.3 1 1
github.com/gnames/gnames/pkg/config/config.go:135.33,136.27 1 1
github.com/gnames/gnames/pkg/config/config.go:136.27,138.3 1 1
github.com/gnames/gnames/pkg/config/config.go:142.33,143.27 1 1
github.com/gnames/gnames/pkg/config/config.go:143.27,145.3 1 1
github.com/gnames/gnames/pkg/config/config.go:149.30,150.27 1 1
github.com/gnames/gnames/pkg/config/config.go:150.27,152.3 1 1
github.com/gnames/gnames/pkg/config/config.go:156.31,157.27 1 1
github.com/gnames/gnames/pkg/config/config.go:157.27,159.3 1 1
github.com/gnames/gnames/pkg/config/config.go:163.37,164.27 1 0
github.com/gnames/gnames/pkg/config/config.go:164.27,166.3 1 0
github.com/gnames/gnames/pkg/config/config.go:170.41,171.27 1 0
github.com/gnames/gnames/pkg/config/config.go:171.27,173.3 1 0
github.com/gnames/gnames/pkg/config/config.go:177.45,178.27 1 0
github.com/gnames/gnames/pkg/config/config.go:178.27,180.3 1 0
github.com/gnames/gnames/pkg/config/config.go:185.42,186.27 1 0
github.com/gnames/gnames/pkg/config/config.go:186.27,189.3 2 0
github.com/gnames/gnames/pkg/config/config.go:193.36,194.27 1 0
github.com/gnames/gnames/pkg/config/config.go:194.27,196.3 1 0
github.com/gnames/gnames/pkg/config/config.go:201.33,216.27 3 4
github.com/gnames/gnames/pkg/config/config.go:216.27,218.3 1 10
github.com/gnames/gnames/pkg/config/config.go:219.2,219.12 1 4
github.com/gnames/gnames/pkg/gnames.go:37.10,44.2 1 1
github.com/gnames/gnames/pkg/gnames.go:46.45,51.2 1 0
github.com/gnames/gnames/pkg/gnames.go:56.24,58.18 2 1
github.com/gnames/gnames/pkg/gnames.go:58.18,62.3 1 1
github.com/gnames/gnames/pkg/gnames.go:63.2,67.28 4 1
github.com/gnames/gnames/pkg/gnames.go:67.28,69.3 1 0
github.com/gnames/gnames/pkg/gnames.go:70.2,70.32 1 1
github.com/gnames/gnames/pkg/gnames.go:70.32,72.3 1 0
github.com/gnames/gnames/pkg/gnames.go:74.2,74.30 1 1
github.com/gnames/gnames/pkg/gnames.go:74.30,76.36 2 0
github.com/gnames/gnames/pkg/gnames.go:76.36,78.4 1 0
github.com/gnames/gnames/pkg/gnames.go:79.3,79.50 1 0
github.com/gnames/gnames/pkg/gnames.go:80.8,82.3 1 1
github.com/gnames/gnames/pkg/gnames.go:84.2,86.16 3 1
github.com/gnames/gnames/pkg/gnames.go:86.16,88.3 1 0
github.com/gnames/gnames/pkg/gnames.go:90.2,90.37 1 1
github.com/gnames/gnames/pkg/gnames.go:90.37,91.39 1 1
github.com/gnames/gnames/pkg/gnames.go:91.39,94.32 3 0
github.com/gnames/gnames/pkg/gnames.go:94.32,97.5 2 0
github.com/gnames/gnames/pkg/gnames.go:98.9,100.4 1 1
github.com/gnames/gnames/pkg/gnames.go:102.2,103.17 2 1
github.com/gnames/gnames/pkg/gnames.go:106.51,107.18 1 0
github.com/gnames/gnames/pkg/gnames.go:107.18,109.3 1 0
github.com/gnames/gnames/pkg/gnames.go:110.2,110.74 1 0
github.com/gnames/gnames/pkg/gnames.go:116.17,122.16 5 0
github.com/gnames/gnames/pkg/gnames.go:122.16,124.3 1 0
github.com/gnames/gnames/pkg/gnames.go:125.2,130.32 4 0
github.com/gnames/gnames/pkg/gnames.go:130.32,133.3 2 0
github.com/gnames/gnames/pkg/gnames.go:135.2,136.12 2 0
github.com/gnames/gnames/pkg/gnames.go:139.70,151.23 5 0
github.com/gnames/gnames/pkg/gnames.go:151.23,154.3 2 0
github.com/gnames/gnames/pkg/gnames.go:154.8,156.3 1 0
github.com/gnames/gnames/pkg/gnames.go:158.2,158.16 1 0
github.com/gnames/gnames/pkg/gnames.go:158.16,160.3 1 0
github.com/gnames/gnames/pkg/gnames.go:160.8,162.3 1 0
github.com/gnames/gnames/pkg/gnames.go:163.2,163.13 1 0
github.com/gnames/gnames/pkg/gnames.go:166.58,170.23 4 1
github.com/gnames/gnames/pkg/gnames.go:170.23,171.36 1 1
github.com/gnames/gnames/pkg/gnames.go:171.36,172.12 1 0
github.com/gnames/gnames/pkg/gnames.go:174.3,174.74 1 1
github.com/gnames/gnames/pkg/gnames.go:174.74,175.12 1 1
github.com/gnames/gnames/pkg/gnames.go:178.3,179.28 2 0
github.com/gnames/gnames/pkg/gnames.go:181.2,184.21 3 1
github.com/gnames/gnames/pkg/gnames.go:184.21,187.32 3 0
github.com/gnames/gnames/pkg/gnames.go:187.32,193.4 1 0
github.com/gnames/gnames/pkg/gnames.go:195.2,210.12 2 1
github.com/gnames/gnames/pkg/gnames.go:213.69,215.2 1 0
github.com/gnames/gnames/pkg/gnames.go:217.41,219.20 2 0
github.com/gnames/gnames/pkg/gnames.go:219.20,221.3 1 0
github.com/gnames/gnames/pkg/gnames.go:223.2,225.52 3 0
github.com/gnames/gnames/pkg/gnames.go:225.52,227.3 1 0
github.com/gnames/gnames/pkg/gnames.go:228.2,228.56 1 0
github.com/gnames/gnames/pkg/gnames.go:228.56,230.3 1 0
github.com/gnames/gnames/pkg/gnames.go:231.2,232.22 2 0
github.com/gnames/gnames/pkg/gnames.go:235.63,238.21 3 0
github.com/gnames/gnames/pkg/gnames.go:238.21,241.3 2 0
github.com/gnames/gnames/pkg/gnames.go:242.2,243.12 2 0
github.com/gnames/gnames/pkg/gnames.go:246.43,248.2 1 0
github.com/gnames/gnames/internal/io/facetpg/au_query.go:13.27,35.2 7 0
github.com/gnames/gnames/internal/io/facetpg/au_query.go:39.27,44.20 5 0
github.com/gnames/gnames/internal/io/facetpg/au_query.go:44.20,48.3 3 0
github.com/gnames/gnames/internal/io/facetpg/au_query.go:48.8,51.3 2 0
github.com/gnames/gnames/internal/io/facetpg/au_query.go:52.2,52.18 1 0
github.com/gnames/gnames/internal/io/facetpg/facetpg.go:26.41,29.16 3 1
github.com/gnames/gnames/internal/io/facetpg/facetpg.go:29.16,31.3 1 0
github.com/gnames/gnames/internal/io/facetpg/facetpg.go:32.2,32.58 1 1
github.com/gnames/gnames/internal/io/facetpg/facetpg.go:38.45,43.24 5 1
github.com/gnames/gnames/internal/io/facetpg/facetpg.go:43.24,45.3 1 0
github.com/gnames/gnames/internal/io/facetpg/facetpg.go:46.2,49.16 3 1
github.com/gnames/gnames/internal/io/facetpg/facetpg.go:49.16,51.3 1 0
github.com/gnames/gnames/internal/io/facetpg/facetpg.go:52.2,52.17 1 1
github.com/gnames/gnames/internal/io/facetpg/facetpg.go:55.45,56.26 1 1
github.com/gnames/gnames/internal/io/facetpg/facetpg.go:56.26,58.3 1 0
github.com/gnames/gnames/internal/io/facetpg/facetpg.go:58.8,58.31 1 1
github.com/gnames/gnames/internal/io/facetpg/facetpg.go:58.31,60.3 1 1
github.com/gnames/gnames/internal/io/facetpg/facetpg.go:60.8,60.28 1 0
github.com/gnames/gnames/internal/io/facetpg/facetpg.go:60.28,62.3 1 0
github.com/gnames/gnames/internal/io/facetpg/facetpg.go:63.2,63.16 1 0
github.com/gnames/gnames/internal/io/facetpg/no_au_query.go:12.27,22.2 4 1
github.com/gnames/gnames/internal/io/facetpg/query.go:19.54,21.20 2 1
github.com/gnames/gnames/internal/io/facetpg/query.go:21.20,23.3 1 0
github.com/gnames/gnames/internal/io/facetpg/query.go:23.8,25.3 1 1
github.com/gnames/gnames/internal/io/facetpg/query.go:27.2,27.18 1 1
github.com/gnames/gnames/internal/io/facetpg/query.go:33.27,34.28 1 1
github.com/gnames/gnames/internal/io/facetpg/query.go:34.28,37.3 2 0
github.com/gnames/gnames/internal/io/facetpg/query.go:39.2,39.16 1 1
github.com/gnames/gnames/internal/io/facetpg/query.go:39.16,42.3 2 0
github.com/gnames/gnames/internal/io/facetpg/query.go:44.2,44.24 1 1
github.com/gnames/gnames/internal/io/facetpg/query.go:44.24,45.22 1 1
github.com/gnames/gnames/internal/io/facetpg/query.go:45.22,48.4 2 1
github.com/gnames/gnames/internal/io/facetpg/query.go:50.3,50.20 1 1
github.com/gnames/gnames/internal/io/facetpg/query.go:50.20,53.4 2 0
github.com/gnames/gnames/internal/io/facetpg/query.go:55.2,55.16 1 1
github.com/gnames/gnames/internal/io/facetpg/query.go:62.45,64.16 2 1
github.com/gnames/gnames/internal/io/facetpg/query.go:64.16,66.3 1 0
github.com/gnames/gnames/internal/io/facetpg/query.go:67.2,67.38 1 1
github.com/gnames/gnames/internal/io/facetpg/query.go:74.32,77.16 3 1
github.com/gnames/gnames/internal/io/facetpg/query.go:77.16,79.3 1 0
github.com/gnames/gnames/internal/io/facetpg/query.go:80.2,80.17 1 1
github.com/gnames/gnames/internal/io/facetpg/query.go:85.36,91.2 4 1
github.com/gnames/gnames/internal/io/facetpg/query.go:96.36,98.29 2 1
github.com/gnames/gnames/internal/io/facetpg/query.go:98.29,101.19 2 135
github.com/gnames/gnames/internal/io/facetpg/query.go:101.19,103.12 2 0
github.com/gnames/gnames/internal/io/facetpg/query.go:105.3,105.44 1 135
github.com/gnames/gnames/internal/io/facetpg/query.go:105.44,109.4 3 116
github.com/gnames/gnames/internal/io/facetpg/query.go:109.9,121.4 3 19
github.com/gnames/gnames/internal/io/facetpg/query.go:124.2,124.12 1 1
github.com/gnames/gnames/internal/io/facetpg/query.go:131.20,139.30 7 135
github.com/gnames/gnames/internal/io/facetpg/query.go:139.30,143.25 4 135
github.com/gnames/gnames/internal/io/facetpg/query.go:143.25,146.4 2 135
github.com/gnames/gnames/internal/io/facetpg/query.go:148.2,153.22 5 135
github.com/gnames/gnames/internal/io/facetpg/query.go:153.22,155.3 1 0
github.com/gnames/gnames/internal/io/facetpg/query.go:157.2,158.62 2 135
github.com/gnames/gnames/internal/io/facetpg/query.go:158.62,162.3 1 73
github.com/gnames/gnames/internal/io/facetpg/query.go:164.2,188.12 2 135
github.com/gnames/gnames/internal/io/facetpg/sp_query.go:11.53,26.15 6 1
github.com/gnames/gnames/internal/io/facetpg/sp_query.go:26.15,30.3 3 1
github.com/gnames/gnames/internal/io/facetpg/sp_query.go:33.2,33.35 1 1
github.com/gnames/gnames/internal/io/facetpg/sp_query.go:33.35,38.3 4 1
github.com/gnames/gnames/internal/io/facetpg/sp_query.go:40.2,42.18 3 1
github.com/gnames/gnames/internal/io/facetpg/sp_query.go:45.52,49.20 4 1
github.com/gnames/gnames/internal/io/facetpg/sp_query.go:49.20,52.3 2 1
github.com/gnames/gnames/internal/io/facetpg/sp_query.go:54.2,56.17 3 0
github.com/gnames/gnames/internal/io/facetpg/sp_query.go:59.43,61.16 2 1
github.com/gnames/gnames/internal/io/facetpg/sp_query.go:61.16,63.3 1 0
github.com/gnames/gnames/internal/io/facetpg/sp_query.go:65.2,67.20 3 1
github.com/gnames/gnames/internal/io/facetpg/sp_query.go:67.20,70.3 2 0
github.com/gnames/gnames/internal/io/facetpg/sp_query.go:72.2,72.17 1 1
github.com/gnames/gnames/internal/io/verifierpg/match_records.go:51.45,61.16 6 1
github.com/gnames/gnames/internal/io/verifierpg/match_records.go:61.16,64.3 2 0
github.com/gnames/gnames/internal/io/verifierpg/match_records.go:67.2,68.16 2 1
github.com/gnames/gnames/internal/io/verifierpg/match_records.go:68.16,71.3 2 0
github.com/gnames/gnames/internal/io/verifierpg/match_records.go:74.2,76.17 2 1
github.com/gnames/gnames/internal/io/verifierpg/match_records.go:84.36,88.31 2 1
github.com/gnames/gnames/internal/io/verifierpg/match_records.go:88.31,93.3 1 3
github.com/gnames/gnames/internal/io/verifierpg/match_records.go:95.2,102.33 4 1
github.com/gnames/gnames/internal/io/verifierpg/match_records.go:102.33,109.39 3 1
github.com/gnames/gnames/internal/io/verifierpg/match_records.go:109.39,111.4 1 1
github.com/gnames/gnames/internal/io/verifierpg/match_records.go:112.3,113.31 2 1
github.com/gnames/gnames/internal/io/verifierpg/match_records.go:117.2,117.37 1 1
github.com/gnames/gnames/internal/io/verifierpg/match_records.go:117.37,121.19 2 7
github.com/gnames/gnames/internal/io/verifierpg/match_records.go:121.19,124.4 1 0
github.com/gnames/gnames/internal/io/verifierpg/match_records.go:125.3,138.39 4 7
github.com/gnames/gnames/internal/io/verifierpg/match_records.go:138.39,140.4 1 7
github.com/gnames/gnames/internal/io/verifierpg/match_records.go:141.3,142.31 2 7
github.com/gnames/gnames/internal/io/verifierpg/match_records.go:145.2,145.21 1 1
github.com/gnames/gnames/internal/io/verifierpg/match_records.go:154.3,156.9 2 1
github.com/gnames/gnames/internal/io/verifierpg/match_records.go:156.9,158.3 1 0
github.com/gnames/gnames/internal/io/verifierpg/match_records.go:159.2,159.37 1 1
github.com/gnames/gnames/internal/io/verifierpg/match_records.go:159.37,166.61 5 2
github.com/gnames/gnames/internal/io/verifierpg/match_records.go:166.61,168.4 1 1
github.com/gnames/gnames/internal/io/verifierpg/match_records.go:170.3,171.23 2 2
github.com/gnames/gnames/internal/io/verifierpg/match_records.go:171.23,173.4 1 0
github.com/gnames/gnames/internal/io/verifierpg/match_records.go:175.3,190.54 2 2
github.com/gnames/gnames/internal/io/verifierpg/match_records.go:194.73,198.25 4 8
github.com/gnames/gnames/internal/io/verifierpg/match_records.go:198.25,201.3 2 132
github.com/gnames/gnames/internal/io/verifierpg/match_records.go:202.2,202.30 1 8
github.com/gnames/gnames/internal/io/verifierpg/match_records.go:212.3,214.9 2 7
github.com/gnames/gnames/internal/io/verifierpg/match_records.go:214.9,216.3 1 0
github.com/gnames/gnames/internal/io/verifierpg/match_records.go:218.2,221.37 4 7
github.com/gnames/gnames/internal/io/verifierpg/match_records.go:221.37,226.63 2 202
github.com/gnames/gnames/internal/io/verifierpg/match_records.go:226.63,227.30 1 0
github.com/gnames/gnames/internal/io/verifierpg/match_records.go:227.30,229.5 1 0
github.com/gnames/gnames/internal/io/verifierpg/match_records.go:230.4,231.12 2 0
github.com/gnames/gnames/internal/io/verifierpg/match_records.go:233.3,243.38 9 202
github.com/gnames/gnames/internal/io/verifierpg/match_records.go:243.38,247.26 4 202
github.com/gnames/gnames/internal/io/verifierpg/match_records.go:247.26,250.5 2 202
github.com/gnames/gnames/internal/io/verifierpg/match_records.go:253.3,257.34 4 202
github.com/gnames/gnames/internal/io/verifierpg/match_records.go:257.34,266.4 7 202
github.com/gnames/gnames/internal/io/verifierpg/match_records.go:268.3,269.61 2 202
github.com/gnames/gnames/internal/io/verifierpg/match_records.go:269.61,271.4 1 98
github.com/gnames/gnames/internal/io/verifierpg/match_records.go:273.3,274.18 2 202
github.com/gnames/gnames/internal/io/verifierpg/match_records.go:274.18,277.4 2 202
github.com/gnames/gnames/internal/io/verifierpg/match_records.go:279.3,280.23 2 202
github.com/gnames/gnames/internal/io/verifierpg/match_records.go:280.23,282.4 1 0
github.com/gnames/gnames/internal/io/verifierpg/match_records.go:284.3,313.58 2 202
github.com/gnames/gnames/internal/io/verifierpg/match_records.go:316.2,316.22 1 7
github.com/gnames/gnames/internal/io/verifierpg/match_records.go:316.22,320.3 1 0
github.com/gnames/gnames/internal/io/verifierpg/match_records.go:323.73,325.23 2 1
github.com/gnames/gnames/internal/io/verifierpg/match_records.go:325.23,326.33 1 204
github.com/gnames/gnames/internal/io/verifierpg/match_records.go:326.33,328.4 1 202
github.com/gnames/gnames/internal/io/verifierpg/match_records.go:328.9,331.4 1 2
github.com/gnames/gnames/internal/io/verifierpg/match_records.go:333.2,333.11 1 1
github.com/gnames/gnames/internal/io/verifierpg/match_records.go:340.32,341.26 1 1
github.com/gnames/gnames/internal/io/verifierpg/match_records.go:341.26,343.3 1 0
github.com/gnames/gnames/internal/io/verifierpg/match_records.go:345.2,349.32 5 1
github.com/gnames/gnames/internal/io/verifierpg/match_records.go:349.32,352.3 2 0
github.com/gnames/gnames/internal/io/verifierpg/match_records.go:354.2,355.16 2 1
github.com/gnames/gnames/internal/io/verifierpg/match_records.go:355.16,357.3 1 0
github.com/gnames/gnames/internal/io/verifierpg/match_records.go:359.2,359.17 1 1
github.com/gnames/gnames/internal/io/verifierpg/match_records.go:366.32,369.26 2 1
github.com/gnames/gnames/internal/io/verifierpg/match_records.go:369.26,371.3 1 0
github.com/gnames/gnames/internal/io/verifierpg/match_records.go:373.2,376.32 4 1
github.com/gnames/gnames/internal/io/verifierpg/match_records.go:376.32,379.3 2 0
github.com/gnames/gnames/internal/io/verifierpg/match_records.go:381.2,382.16 2 1
github.com/gnames/gnames/internal/io/verifierpg/match_records.go:382.16,384.3 1 0
github.com/gnames/gnames/internal/io/verifierpg/match_records.go:385.2,385.17 1 1
github.com/gnames/gnames/internal/io/verifierpg/match_records.go:388.47,390.28 2 2
github.com/gnames/gnames/internal/io/verifierpg/match_records.go:390.28,391.35 1 8
github.com/gnames/gnames/internal/io/verifierpg/match_records.go:391.35,392.27 1 8
github.com/gnames/gnames/internal/io/verifierpg/match_records.go:392.27,393.13 1 0
github.com/gnames/gnames/internal/io/verifierpg/match_records.go:395.4,395.27 1 8
github.com/gnames/gnames/internal/io/verifierpg/match_records.go:398.2,400.21 3 2
github.com/gnames/gnames/internal/io/verifierpg/match_records.go:400.21,403.3 2 8
github.com/gnames/gnames/internal/io/verifierpg/match_records.go:404.2,404.12 1 2
github.com/gnames/gnames/internal/io/verifierpg/match_records.go:409.56,415.25 2 1
github.com/gnames/gnames/internal/io/verifierpg/match_records.go:415.25,416.31 1 11
github.com/gnames/gnames/internal/io/verifierpg/match_records.go:417.21,418.48 1 3
github.com/gnames/gnames/internal/io/verifierpg/match_records.go:419.19,420.44 1 1
github.com/gnames/gnames/internal/io/verifierpg/match_records.go:421.11,422.52 1 7
github.com/gnames/gnames/internal/io/verifierpg/match_records.go:425.2,425.11 1 1
github.com/gnames/gnames/internal/io/verifierpg/verifierpg.go:23.47,25.16 2 1
github.com/gnames/gnames/internal/io/verifierpg/verifierpg.go:25.16,27.3 1 0
github.com/gnames/gnames/internal/io/verifierpg/verifierpg.go:28.2,30.11 3 1
github.com/gnames/gnames/internal/io/verifierpg/verifierpg.go:33.74,35.2 1 0
github.com/gnames/gnames/internal/io/rest/rest.go:28.38,35.22 6 0
github.com/gnames/gnames/internal/io/rest/rest.go:35.22,37.3 1 0
github.com/gnames/gnames/internal/io/rest/rest.go:39.2,60.34 17 0
github.com/gnames/gnames/internal/io/rest/rest.go:63.33,67.2 1 0
github.com/gnames/gnames/internal/io/rest/rest.go:69.33,71.2 1 0
github.com/gnames/gnames/internal/io/rest/rest.go:73.53,74.36 1 0
github.com/gnames/gnames/internal/io/rest/rest.go:74.36,77.3 2 0
github.com/gnames/gnames/internal/io/rest/rest.go:80.61,81.36 1 0
github.com/gnames/gnames/internal/io/rest/rest.go:81.36,83.17 2 0
github.com/gnames/gnames/internal/io/rest/rest.go:83.17,85.4 1 0
github.com/gnames/gnames/internal/io/rest/rest.go:86.3,86.44 1 0
github.com/gnames/gnames/internal/io/rest/rest.go:90.63,91.36 1 0
github.com/gnames/gnames/internal/io/rest/rest.go:91.36,94.17 3 0
github.com/gnames/gnames/internal/io/rest/rest.go:94.17,96.4 1 0
github.com/gnames/gnames/internal/io/rest/rest.go:97.3,98.17 2 0
github.com/gnames/gnames/internal/io/rest/rest.go:98.17,100.4 1 0
github.com/gnames/gnames/internal/io/rest/rest.go:101.3,101.28 1 0
github.com/gnames/gnames/internal/io/rest/rest.go:101.28,103.4 1 0
github.com/gnames/gnames/internal/io/rest/rest.go:104.3,104.47 1 0
github.com/gnames/gnames/internal/io/rest/rest.go:108.66,109.36 1 0
github.com/gnames/gnames/internal/io/rest/rest.go:109.36,114.13 4 0
github.com/gnames/gnames/internal/io/rest/rest.go:114.13,123.18 6 0
github.com/gnames/gnames/internal/io/rest/rest.go:123.18,125.5 1 0
github.com/gnames/gnames/internal/io/rest/rest.go:127.4,127.43 1 0
github.com/gnames/gnames/internal/io/rest/rest.go:127.43,134.5 1 0
github.com/gnames/gnames/internal/io/rest/rest.go:136.4,136.18 1 0
github.com/gnames/gnames/internal/io/rest/rest.go:136.18,138.5 1 0
github.com/gnames/gnames/internal/io/rest/rest.go:140.4,140.16 1 0
github.com/gnames/gnames/internal/io/rest/rest.go:143.3,143.10 1 0
github.com/gnames/gnames/internal/io/rest/rest.go:144.21,146.20 2 0
github.com/gnames/gnames/internal/io/rest/rest.go:147.23,148.14 1 0
github.com/gnames/gnames/internal/io/rest/rest.go:149.38,150.46 1 0
github.com/gnames/gnames/internal/io/rest/rest.go:155.65,156.36 1 0
github.com/gnames/gnames/internal/io/rest/rest.go:156.36,168.47 11 0
github.com/gnames/gnames/internal/io/rest/rest.go:168.47,169.46 1 0
github.com/gnames/gnames/internal/io/rest/rest.go:169.46,171.5 1 0
github.com/gnames/gnames/internal/io/rest/rest.go:174.3,184.17 3 0
github.com/gnames/gnames/internal/io/rest/rest.go:184.17,186.4 1 0
github.com/gnames/gnames/internal/io/rest/rest.go:187.3,187.29 1 0
github.com/gnames/gnames/internal/io/rest/rest.go:187.29,194.4 1 0
github.com/gnames/gnames/internal/io/rest/rest.go:195.3,195.41 1 0
github.com/gnames/gnames/internal/io/rest/rest.go:199.59,200.36 1 0
github.com/gnames/gnames/internal/io/rest/rest.go:200.36,213.3 6 0
github.com/gnames/gnames/internal/io/rest/rest.go:216.60,217.36 1 0
github.com/gnames/gnames/internal/io/rest/rest.go:217.36,222.13 4 0
github.com/gnames/gnames/internal/io/rest/rest.go:222.13,233.18 7 0
github.com/gnames/gnames/internal/io/rest/rest.go:233.18,241.5 3 0
github.com/gnames/gnames/internal/io/rest/rest.go:243.4,243.16 1 0
github.com/gnames/gnames/internal/io/rest/rest.go:246.3,246.10 1 0
github.com/gnames/gnames/internal/io/rest/rest.go:247.21,249.20 2 0
github.com/gnames/gnames/internal/io/rest/rest.go:250.23,251.14 1 0
github.com/gnames/gnames/internal/io/rest/rest.go:252.38,253.46 1 0
github.com/gnames/gnames/internal/io/rest/rest.go:258.70,262.2 3 0
github.com/gnames/gnames/internal/io/rest/rest.go:264.55,271.19 6 0
github.com/gnames/gnames/internal/io/rest/rest.go:271.19,281.17 4 0
github.com/gnames/gnames/internal/io/rest/rest.go:281.17,285.4 2 0
github.com/gnames/gnames/internal/io/rest/rest.go:286.3,287.17 2 0
github.com/gnames/gnames/internal/io/rest/rest.go:287.17,289.4 1 0
github.com/gnames/gnames/internal/io/rest/rest.go:290.3,290.16 1 0
github.com/gnames/gnames/internal/io/rest/rest.go:291.8,291.21 1 0
github.com/gnames/gnames/internal/io/rest/rest.go:291.21,294.3 2 0
github.com/gnames/gnames/internal/io/rest/rest.go:295.2,295.12 1 0
